This file contains any messages produced by compilers while
running configure, to aid debugging if configure makes a mistake.

It was created by emacs-zmq configure 0.10.9, which was
generated by GNU Autoconf 2.69.  Invocation command line was

  $ ./configure CPPFLAGS= --host= --prefix=/Users/donaldh/.dotfiles/emacs/emacs.d.symlink/elpa/zmq-20200912.1126 --enable-shared=emacs-zmq --enable-static=zeromq --without-docs --enable-drafts=yes --enable-libunwind=no --disable-curve-keygen --disable-perf --disable-eventfd

## --------- ##
## Platform. ##
## --------- ##

hostname = home-imac
uname -m = x86_64
uname -r = 19.6.0
uname -s = Darwin
uname -v = Darwin Kernel Version 19.6.0: Thu Oct 29 22:56:45 PDT 2020; root:xnu-6153.141.2.2~1/RELEASE_X86_64

/usr/bin/uname -p = i386
/bin/uname -X     = unknown

/bin/arch              = unknown
/usr/bin/arch -k       = unknown
/usr/convex/getsysinfo = unknown
/usr/bin/hostinfo      = Mach kernel version:
	 Darwin Kernel Version 19.6.0: Thu Oct 29 22:56:45 PDT 2020; root:xnu-6153.141.2.2~1/RELEASE_X86_64
Kernel configured for up to 8 processors.
4 processors are physically available.
8 processors are logically available.
Processor type: x86_64h (Intel x86-64h Haswell)
Processors active: 0 1 2 3 4 5 6 7
Primary memory available: 24.00 gigabytes
Default processor set: 669 tasks, 2969 threads, 8 processors
Load average: 2.46, Mach factor: 5.56
/bin/machine           = unknown
/usr/bin/oslevel       = unknown
/bin/universe          = unknown

PATH: /usr/local/opt/python/libexec/bin
PATH: /usr/local/opt/make/libexec/gnubin
PATH: /usr/local/bin
PATH: /usr/bin
PATH: /bin
PATH: /usr/sbin
PATH: /sbin
PATH: /Library/TeX/texbin
PATH: /Library/Apple/usr/bin
PATH: /Applications/Wireshark.app/Contents/MacOS
PATH: /usr/local/Cellar/rakudo-star/2020.10/share/perl6/site/bin
PATH: /Users/donaldh/go/bin


## ----------- ##
## Core tests. ##
## ----------- ##

configure:2195: checking for a BSD-compatible install
configure:2263: result: /usr/bin/install -c
configure:2274: checking whether build environment is sane
configure:2329: result: yes
configure:2480: checking for a thread-safe mkdir -p
configure:2519: result: ./install-sh -c -d
configure:2526: checking for gawk
configure:2556: result: no
configure:2526: checking for mawk
configure:2556: result: no
configure:2526: checking for nawk
configure:2556: result: no
configure:2526: checking for awk
configure:2542: found /usr/bin/awk
configure:2553: result: awk
configure:2564: checking whether make sets $(MAKE)
configure:2586: result: yes
configure:2615: checking whether make supports nested variables
configure:2632: result: yes
configure:2806: checking for gcc
configure:2822: found /usr/bin/gcc
configure:2833: result: gcc
configure:3062: checking for C compiler version
configure:3071: gcc --version >&5
Apple clang version 12.0.0 (clang-1200.0.32.29)
Target: x86_64-apple-darwin19.6.0
Thread model: posix
InstalledDir: /Applications/Xcode.app/Contents/Developer/Toolchains/XcodeDefault.xctoolchain/usr/bin
Configured with: --prefix=/Applications/Xcode.app/Contents/Developer/usr --with-gxx-include-dir=/Library/Developer/CommandLineTools/SDKs/MacOSX10.15.sdk/usr/include/c++/4.2.1
configure:3082: $? = 0
configure:3071: gcc -v >&5
Configured with: --prefix=/Applications/Xcode.app/Contents/Developer/usr --with-gxx-include-dir=/Library/Developer/CommandLineTools/SDKs/MacOSX10.15.sdk/usr/include/c++/4.2.1
Apple clang version 12.0.0 (clang-1200.0.32.29)
Target: x86_64-apple-darwin19.6.0
Thread model: posix
InstalledDir: /Applications/Xcode.app/Contents/Developer/Toolchains/XcodeDefault.xctoolchain/usr/bin
configure:3082: $? = 0
configure:3071: gcc -V >&5
clang: error: argument to '-V' is missing (expected 1 value)
clang: error: no input files
configure:3082: $? = 1
configure:3071: gcc -qversion >&5
clang: error: unknown argument '-qversion'; did you mean '--version'?
clang: error: no input files
configure:3082: $? = 1
configure:3102: checking whether the C compiler works
configure:3124: gcc    conftest.c  >&5
configure:3128: $? = 0
configure:3176: result: yes
configure:3179: checking for C compiler default output file name
configure:3181: result: a.out
configure:3187: checking for suffix of executables
configure:3194: gcc -o conftest    conftest.c  >&5
configure:3198: $? = 0
configure:3220: result: 
configure:3242: checking whether we are cross compiling
configure:3250: gcc -o conftest    conftest.c  >&5
configure:3254: $? = 0
configure:3261: ./conftest
configure:3265: $? = 0
configure:3280: result: no
configure:3285: checking for suffix of object files
configure:3307: gcc -c   conftest.c >&5
configure:3311: $? = 0
configure:3332: result: o
configure:3336: checking whether we are using the GNU C compiler
configure:3355: gcc -c   conftest.c >&5
configure:3355: $? = 0
configure:3364: result: yes
configure:3373: checking whether gcc accepts -g
configure:3393: gcc -c -g  conftest.c >&5
configure:3393: $? = 0
configure:3434: result: yes
configure:3451: checking for gcc option to accept ISO C89
configure:3514: gcc  -c -g -O2  conftest.c >&5
configure:3514: $? = 0
configure:3527: result: none needed
configure:3552: checking whether gcc understands -c and -o together
configure:3574: gcc -c conftest.c -o conftest2.o
configure:3577: $? = 0
configure:3574: gcc -c conftest.c -o conftest2.o
configure:3577: $? = 0
configure:3589: result: yes
configure:3609: checking whether make supports the include directive
configure:3624: make -f confmf.GNU && cat confinc.out
make[2]: Entering directory '/Users/donaldh/.dotfiles/emacs/emacs.d.symlink/elpa/zmq-20200912.1126/src'
make[2]: Leaving directory '/Users/donaldh/.dotfiles/emacs/emacs.d.symlink/elpa/zmq-20200912.1126/src'
this is the am__doit target
configure:3627: $? = 0
configure:3646: result: yes (GNU style)
configure:3671: checking dependency style of gcc
configure:3782: result: gcc3
configure:3847: checking for ar
configure:3863: found /usr/bin/ar
configure:3874: result: ar
configure:3900: checking the archiver (ar) interface
configure:3916: gcc -c -g -O2  conftest.c >&5
configure:3916: $? = 0
configure:3918: ar cru libconftest.a conftest.o >&5
configure:3921: $? = 0
configure:3949: result: ar
configure:3973: checking build system type
configure:3987: result: x86_64-apple-darwin19.6.0
configure:4007: checking host system type
configure:4020: result: x86_64-apple-darwin19.6.0
configure:4095: checking for pkg-config
configure:4113: found /usr/local/bin/pkg-config
configure:4125: result: /usr/local/bin/pkg-config
configure:4150: checking pkg-config is at least version 0.9.0
configure:4153: result: yes
configure:4163: checking for libzmq
configure:4170: $PKG_CONFIG --exists --print-errors "libzmq"
configure:4173: $? = 0
configure:4187: $PKG_CONFIG --exists --print-errors "libzmq"
configure:4190: $? = 0
configure:4236: result: yes
configure:4239: checking for library containing zmq_poller_new
configure:4270: gcc -o conftest -g -O2   conftest.c  >&5
Undefined symbols for architecture x86_64:
  "_zmq_poller_new", referenced from:
      _main in conftest-be29b7.o
ld: symbol(s) not found for architecture x86_64
clang: error: linker command failed with exit code 1 (use -v to see invocation)
configure:4270: $? = 1
configure: failed program was:
| /* confdefs.h */
| #define PACKAGE_NAME "emacs-zmq"
| #define PACKAGE_TARNAME "emacs-zmq"
| #define PACKAGE_VERSION "0.10.9"
| #define PACKAGE_STRING "emacs-zmq 0.10.9"
| #define PACKAGE_BUGREPORT "nathanielnicandro@gmail.com"
| #define PACKAGE_URL ""
| #define PACKAGE "emacs-zmq"
| #define VERSION "0.10.9"
| /* end confdefs.h.  */
| 
| /* Override any GCC internal prototype to avoid an error.
|    Use char because int might match the return type of a GCC
|    builtin and then its argument prototype would still apply.  */
| #ifdef __cplusplus
| extern "C"
| #endif
| char zmq_poller_new ();
| int
| main ()
| {
| return zmq_poller_new ();
|   ;
|   return 0;
| }
configure:4270: gcc -o conftest -g -O2   conftest.c -lzmq   >&5
Undefined symbols for architecture x86_64:
  "_zmq_poller_new", referenced from:
      _main in conftest-c1f50d.o
ld: symbol(s) not found for architecture x86_64
clang: error: linker command failed with exit code 1 (use -v to see invocation)
configure:4270: $? = 1
configure: failed program was:
| /* confdefs.h */
| #define PACKAGE_NAME "emacs-zmq"
| #define PACKAGE_TARNAME "emacs-zmq"
| #define PACKAGE_VERSION "0.10.9"
| #define PACKAGE_STRING "emacs-zmq 0.10.9"
| #define PACKAGE_BUGREPORT "nathanielnicandro@gmail.com"
| #define PACKAGE_URL ""
| #define PACKAGE "emacs-zmq"
| #define VERSION "0.10.9"
| /* end confdefs.h.  */
| 
| /* Override any GCC internal prototype to avoid an error.
|    Use char because int might match the return type of a GCC
|    builtin and then its argument prototype would still apply.  */
| #ifdef __cplusplus
| extern "C"
| #endif
| char zmq_poller_new ();
| int
| main ()
| {
| return zmq_poller_new ();
|   ;
|   return 0;
| }
configure:4287: result: no
configure:4298: incompatible libzmq, building one locally
configure:4426: checking how to print strings
configure:4453: result: printf
configure:4474: checking for a sed that does not truncate output
configure:4538: result: /usr/local/bin/gsed
configure:4556: checking for grep that handles long lines and -e
configure:4614: result: /usr/bin/grep
configure:4619: checking for egrep
configure:4681: result: /usr/bin/grep -E
configure:4686: checking for fgrep
configure:4748: result: /usr/bin/grep -F
configure:4783: checking for ld used by gcc
configure:4850: result: /Applications/Xcode.app/Contents/Developer/Toolchains/XcodeDefault.xctoolchain/usr/bin/ld
configure:4857: checking if the linker (/Applications/Xcode.app/Contents/Developer/Toolchains/XcodeDefault.xctoolchain/usr/bin/ld) is GNU ld
configure:4872: result: no
configure:4884: checking for BSD- or MS-compatible name lister (nm)
configure:4938: result: /usr/bin/nm -B
configure:5068: checking the name lister (/usr/bin/nm -B) interface
configure:5075: gcc -c -g -O2  conftest.c >&5
configure:5078: /usr/bin/nm -B "conftest.o"
configure:5081: output
0000000000000250 S _some_variable
configure:5088: result: BSD nm
configure:5091: checking whether ln -s works
configure:5095: result: yes
configure:5103: checking the maximum length of command line arguments
configure:5234: result: 196608
configure:5282: checking how to convert x86_64-apple-darwin19.6.0 file names to x86_64-apple-darwin19.6.0 format
configure:5322: result: func_convert_file_noop
configure:5329: checking how to convert x86_64-apple-darwin19.6.0 file names to toolchain format
configure:5349: result: func_convert_file_noop
configure:5356: checking for /Applications/Xcode.app/Contents/Developer/Toolchains/XcodeDefault.xctoolchain/usr/bin/ld option to reload object files
configure:5363: result: -r
configure:5437: checking for objdump
configure:5453: found /usr/bin/objdump
configure:5464: result: objdump
configure:5493: checking how to recognize dependent libraries
configure:5693: result: pass_all
configure:5778: checking for dlltool
configure:5808: result: no
configure:5835: checking how to associate runtime and link libraries
configure:5862: result: printf %s\n
configure:5986: checking for archiver @FILE support
configure:6003: gcc -c -g -O2  conftest.c >&5
configure:6003: $? = 0
configure:6006: ar cru libconftest.a @conftest.lst >&5
ar: @conftest.lst: No such file or directory
configure:6009: $? = 1
configure:6029: result: no
configure:6087: checking for strip
configure:6103: found /usr/bin/strip
configure:6114: result: strip
configure:6186: checking for ranlib
configure:6202: found /usr/bin/ranlib
configure:6213: result: ranlib
configure:6315: checking command to parse /usr/bin/nm -B output from gcc object
configure:6468: gcc -c -g -O2  conftest.c >&5
configure:6471: $? = 0
configure:6475: /usr/bin/nm -B conftest.o \| sed -n -e 's/^.*[ ]\([BCDEGRST][BCDEGRST]*\)[ ][ ]*\([_A-Za-z][_A-Za-z0-9]*\)$/\1 \2 \2/p' | sed '/ __gnu_lto/d' \> conftest.nm
configure:6478: $? = 0
cannot find nm_test_var in conftest.nm
configure:6468: gcc -c -g -O2  conftest.c >&5
configure:6471: $? = 0
configure:6475: /usr/bin/nm -B conftest.o \| sed -n -e 's/^.*[ ]\([BCDEGRST][BCDEGRST]*\)[ ][ ]*_\([_A-Za-z][_A-Za-z0-9]*\)$/\1 _\2 \2/p' | sed '/ __gnu_lto/d' \> conftest.nm
configure:6478: $? = 0
configure:6544: gcc -o conftest -g -O2   conftest.c conftstm.o >&5
warning: (x86_64)  could not find object file symbol for symbol _main
configure:6547: $? = 0
configure:6585: result: ok
configure:6632: checking for sysroot
configure:6662: result: no
configure:6669: checking for a working dd
configure:6707: result: /bin/dd
configure:6711: checking how to truncate binary pipes
configure:6726: result: /bin/dd bs=4096 count=1
configure:7055: checking for mt
configure:7085: result: no
configure:7105: checking if : is a manifest tool
configure:7111: : '-?'
configure:7119: result: no
configure:7175: checking for dsymutil
configure:7191: found /usr/bin/dsymutil
configure:7202: result: dsymutil
configure:7267: checking for nmedit
configure:7283: found /usr/bin/nmedit
configure:7294: result: nmedit
configure:7359: checking for lipo
configure:7375: found /usr/bin/lipo
configure:7386: result: lipo
configure:7451: checking for otool
configure:7467: found /usr/bin/otool
configure:7478: result: otool
configure:7543: checking for otool64
configure:7573: result: no
configure:7618: checking for -single_module linker flag
gcc -g -O2  -o libconftest.dylib -dynamiclib -Wl,-single_module conftest.c
configure:7651: result: yes
configure:7654: checking for -exported_symbols_list linker flag
configure:7674: gcc -o conftest -g -O2   -Wl,-exported_symbols_list,conftest.sym conftest.c  >&5
configure:7674: $? = 0
configure:7684: result: yes
configure:7687: checking for -force_load linker flag
gcc -g -O2 -c -o conftest.o conftest.c
ar cru libconftest.a conftest.o
ranlib libconftest.a
gcc -g -O2  -o conftest conftest.c -Wl,-force_load,./libconftest.a
configure:7719: result: yes
configure:7791: checking how to run the C preprocessor
configure:7822: gcc -E  conftest.c
configure:7822: $? = 0
configure:7836: gcc -E  conftest.c
conftest.c:11:10: fatal error: 'ac_nonexistent.h' file not found
#include <ac_nonexistent.h>
         ^~~~~~~~~~~~~~~~~~
1 error generated.
configure:7836: $? = 1
configure: failed program was:
| /* confdefs.h */
| #define PACKAGE_NAME "emacs-zmq"
| #define PACKAGE_TARNAME "emacs-zmq"
| #define PACKAGE_VERSION "0.10.9"
| #define PACKAGE_STRING "emacs-zmq 0.10.9"
| #define PACKAGE_BUGREPORT "nathanielnicandro@gmail.com"
| #define PACKAGE_URL ""
| #define PACKAGE "emacs-zmq"
| #define VERSION "0.10.9"
| /* end confdefs.h.  */
| #include <ac_nonexistent.h>
configure:7861: result: gcc -E
configure:7881: gcc -E  conftest.c
configure:7881: $? = 0
configure:7895: gcc -E  conftest.c
conftest.c:11:10: fatal error: 'ac_nonexistent.h' file not found
#include <ac_nonexistent.h>
         ^~~~~~~~~~~~~~~~~~
1 error generated.
configure:7895: $? = 1
configure: failed program was:
| /* confdefs.h */
| #define PACKAGE_NAME "emacs-zmq"
| #define PACKAGE_TARNAME "emacs-zmq"
| #define PACKAGE_VERSION "0.10.9"
| #define PACKAGE_STRING "emacs-zmq 0.10.9"
| #define PACKAGE_BUGREPORT "nathanielnicandro@gmail.com"
| #define PACKAGE_URL ""
| #define PACKAGE "emacs-zmq"
| #define VERSION "0.10.9"
| /* end confdefs.h.  */
| #include <ac_nonexistent.h>
configure:7924: checking for ANSI C header files
configure:7944: gcc -c -g -O2  conftest.c >&5
configure:7944: $? = 0
configure:8017: gcc -o conftest -g -O2   conftest.c  >&5
configure:8017: $? = 0
configure:8017: ./conftest
configure:8017: $? = 0
configure:8028: result: yes
configure:8041: checking for sys/types.h
configure:8041: gcc -c -g -O2  conftest.c >&5
configure:8041: $? = 0
configure:8041: result: yes
configure:8041: checking for sys/stat.h
configure:8041: gcc -c -g -O2  conftest.c >&5
configure:8041: $? = 0
configure:8041: result: yes
configure:8041: checking for stdlib.h
configure:8041: gcc -c -g -O2  conftest.c >&5
configure:8041: $? = 0
configure:8041: result: yes
configure:8041: checking for string.h
configure:8041: gcc -c -g -O2  conftest.c >&5
configure:8041: $? = 0
configure:8041: result: yes
configure:8041: checking for memory.h
configure:8041: gcc -c -g -O2  conftest.c >&5
configure:8041: $? = 0
configure:8041: result: yes
configure:8041: checking for strings.h
configure:8041: gcc -c -g -O2  conftest.c >&5
configure:8041: $? = 0
configure:8041: result: yes
configure:8041: checking for inttypes.h
configure:8041: gcc -c -g -O2  conftest.c >&5
configure:8041: $? = 0
configure:8041: result: yes
configure:8041: checking for stdint.h
configure:8041: gcc -c -g -O2  conftest.c >&5
configure:8041: $? = 0
configure:8041: result: yes
configure:8041: checking for unistd.h
configure:8041: gcc -c -g -O2  conftest.c >&5
configure:8041: $? = 0
configure:8041: result: yes
configure:8055: checking for dlfcn.h
configure:8055: gcc -c -g -O2  conftest.c >&5
configure:8055: $? = 0
configure:8055: result: yes
configure:8607: checking for objdir
configure:8622: result: .libs
configure:8886: checking if gcc supports -fno-rtti -fno-exceptions
configure:8904: gcc -c -g -O2  -fno-rtti -fno-exceptions conftest.c >&5
configure:8908: $? = 0
configure:8921: result: yes
configure:9279: checking for gcc option to produce PIC
configure:9286: result: -fno-common -DPIC
configure:9294: checking if gcc PIC flag -fno-common -DPIC works
configure:9312: gcc -c -g -O2  -fno-common -DPIC -DPIC conftest.c >&5
configure:9316: $? = 0
configure:9329: result: yes
configure:9358: checking if gcc static flag -static works
configure:9386: result: no
configure:9401: checking if gcc supports -c -o file.o
configure:9422: gcc -c -g -O2  -o out/conftest2.o conftest.c >&5
configure:9426: $? = 0
configure:9448: result: yes
configure:9456: checking if gcc supports -c -o file.o
configure:9503: result: yes
configure:9536: checking whether the gcc linker (/Applications/Xcode.app/Contents/Developer/Toolchains/XcodeDefault.xctoolchain/usr/bin/ld) supports shared libraries
configure:10795: result: yes
configure:11035: checking dynamic linker characteristics
configure:11853: result: darwin19.6.0 dyld
configure:11975: checking how to hardcode library paths into programs
configure:12000: result: immediate
configure:12548: checking whether stripping libraries is possible
configure:12562: result: yes
configure:12588: checking if libtool supports shared libraries
configure:12590: result: yes
configure:12593: checking whether to build shared libraries
configure:12618: result: yes
configure:12621: checking whether to build static libraries
configure:12625: result: no
configure:12809: checking that generated files are newer than configure
configure:12815: result: done
configure:12846: creating ./config.status

## ---------------------- ##
## Running config.status. ##
## ---------------------- ##

This file was extended by emacs-zmq config.status 0.10.9, which was
generated by GNU Autoconf 2.69.  Invocation command line was

  CONFIG_FILES    = 
  CONFIG_HEADERS  = 
  CONFIG_LINKS    = 
  CONFIG_COMMANDS = 
  $ ./config.status 

on home-imac

config.status:1016: creating Makefile
config.status:1188: executing depfiles commands
config.status:1265: cd .       && sed -e '/# am--include-marker/d' Makefile         | make -f - am--depfiles
make[2]: Entering directory '/Users/donaldh/.dotfiles/emacs/emacs.d.symlink/elpa/zmq-20200912.1126/src'
make[2]: Leaving directory '/Users/donaldh/.dotfiles/emacs/emacs.d.symlink/elpa/zmq-20200912.1126/src'
config.status:1270: $? = 0
config.status:1188: executing libtool commands
configure:14876: === configuring in libzmq (/Users/donaldh/.dotfiles/emacs/emacs.d.symlink/elpa/zmq-20200912.1126/src/libzmq)
configure:14939: running /bin/sh ./configure --disable-option-checking '--prefix=/Users/donaldh/.dotfiles/emacs/emacs.d.symlink/elpa/zmq-20200912.1126'  'CPPFLAGS=' '--host=' '--enable-shared=emacs-zmq' '--enable-static=zeromq' '--without-docs' '--enable-drafts=yes' '--enable-libunwind=no' '--disable-curve-keygen' '--disable-perf' '--disable-eventfd' 'host_alias=' --cache-file=/dev/null --srcdir=.

## ---------------- ##
## Cache variables. ##
## ---------------- ##

ac_cv_build=x86_64-apple-darwin19.6.0
ac_cv_c_compiler_gnu=yes
ac_cv_env_CC_set=
ac_cv_env_CC_value=
ac_cv_env_CFLAGS_set=
ac_cv_env_CFLAGS_value=
ac_cv_env_CPPFLAGS_set=set
ac_cv_env_CPPFLAGS_value=
ac_cv_env_CPP_set=
ac_cv_env_CPP_value=
ac_cv_env_LDFLAGS_set=
ac_cv_env_LDFLAGS_value=
ac_cv_env_LIBS_set=
ac_cv_env_LIBS_value=
ac_cv_env_LT_SYS_LIBRARY_PATH_set=
ac_cv_env_LT_SYS_LIBRARY_PATH_value=
ac_cv_env_PKG_CONFIG_LIBDIR_set=
ac_cv_env_PKG_CONFIG_LIBDIR_value=
ac_cv_env_PKG_CONFIG_PATH_set=
ac_cv_env_PKG_CONFIG_PATH_value=
ac_cv_env_PKG_CONFIG_set=
ac_cv_env_PKG_CONFIG_value=
ac_cv_env_ZMQ_CFLAGS_set=
ac_cv_env_ZMQ_CFLAGS_value=
ac_cv_env_ZMQ_LIBS_set=
ac_cv_env_ZMQ_LIBS_value=
ac_cv_env_build_alias_set=
ac_cv_env_build_alias_value=
ac_cv_env_host_alias_set=set
ac_cv_env_host_alias_value=
ac_cv_env_target_alias_set=
ac_cv_env_target_alias_value=
ac_cv_header_dlfcn_h=yes
ac_cv_header_inttypes_h=yes
ac_cv_header_memory_h=yes
ac_cv_header_stdc=yes
ac_cv_header_stdint_h=yes
ac_cv_header_stdlib_h=yes
ac_cv_header_string_h=yes
ac_cv_header_strings_h=yes
ac_cv_header_sys_stat_h=yes
ac_cv_header_sys_types_h=yes
ac_cv_header_unistd_h=yes
ac_cv_host=x86_64-apple-darwin19.6.0
ac_cv_objext=o
ac_cv_path_EGREP='/usr/bin/grep -E'
ac_cv_path_FGREP='/usr/bin/grep -F'
ac_cv_path_GREP=/usr/bin/grep
ac_cv_path_SED=/usr/local/bin/gsed
ac_cv_path_ac_pt_PKG_CONFIG=/usr/local/bin/pkg-config
ac_cv_path_install='/usr/bin/install -c'
ac_cv_path_lt_DD=/bin/dd
ac_cv_prog_AWK=awk
ac_cv_prog_CPP='gcc -E'
ac_cv_prog_ac_ct_AR=ar
ac_cv_prog_ac_ct_CC=gcc
ac_cv_prog_ac_ct_DSYMUTIL=dsymutil
ac_cv_prog_ac_ct_LIPO=lipo
ac_cv_prog_ac_ct_NMEDIT=nmedit
ac_cv_prog_ac_ct_OBJDUMP=objdump
ac_cv_prog_ac_ct_OTOOL=otool
ac_cv_prog_ac_ct_RANLIB=ranlib
ac_cv_prog_ac_ct_STRIP=strip
ac_cv_prog_cc_c89=
ac_cv_prog_cc_g=yes
ac_cv_prog_make_make_set=yes
ac_cv_search_zmq_poller_new=no
am_cv_CC_dependencies_compiler_type=gcc3
am_cv_ar_interface=ar
am_cv_make_support_nested_variables=yes
am_cv_prog_cc_c_o=yes
lt_cv_apple_cc_single_mod=yes
lt_cv_ar_at_file=no
lt_cv_deplibs_check_method=pass_all
lt_cv_file_magic_cmd='$MAGIC_CMD'
lt_cv_file_magic_test_file=
lt_cv_ld_exported_symbols_list=yes
lt_cv_ld_force_load=yes
lt_cv_ld_reload_flag=-r
lt_cv_nm_interface='BSD nm'
lt_cv_objdir=.libs
lt_cv_path_LD=/Applications/Xcode.app/Contents/Developer/Toolchains/XcodeDefault.xctoolchain/usr/bin/ld
lt_cv_path_NM='/usr/bin/nm -B'
lt_cv_path_mainfest_tool=no
lt_cv_prog_compiler_c_o=yes
lt_cv_prog_compiler_pic='-fno-common -DPIC'
lt_cv_prog_compiler_pic_works=yes
lt_cv_prog_compiler_rtti_exceptions=yes
lt_cv_prog_compiler_static_works=no
lt_cv_prog_gnu_ld=no
lt_cv_sharedlib_from_linklib_cmd='printf %s\n'
lt_cv_sys_global_symbol_pipe='sed -n -e '\''s/^.*[	 ]\([BCDEGRST][BCDEGRST]*\)[	 ][	 ]*_\([_A-Za-z][_A-Za-z0-9]*\)$/\1 _\2 \2/p'\'' | sed '\''/ __gnu_lto/d'\'''
lt_cv_sys_global_symbol_to_c_name_address='sed -n -e '\''s/^: \(.*\) .*$/  {"\1", (void *) 0},/p'\'' -e '\''s/^[BCDEGRST][BCDEGRST]* .* \(.*\)$/  {"\1", (void *) \&\1},/p'\'''
lt_cv_sys_global_symbol_to_c_name_address_lib_prefix='sed -n -e '\''s/^: \(.*\) .*$/  {"\1", (void *) 0},/p'\'' -e '\''s/^[BCDEGRST][BCDEGRST]* .* \(lib.*\)$/  {"\1", (void *) \&\1},/p'\'' -e '\''s/^[BCDEGRST][BCDEGRST]* .* \(.*\)$/  {"lib\1", (void *) \&\1},/p'\'''
lt_cv_sys_global_symbol_to_cdecl='sed -n -e '\''s/^T .* \(.*\)$/extern int \1();/p'\'' -e '\''s/^[BCDEGRST][BCDEGRST]* .* \(.*\)$/extern char \1;/p'\'''
lt_cv_sys_global_symbol_to_import=
lt_cv_sys_max_cmd_len=196608
lt_cv_to_host_file_cmd=func_convert_file_noop
lt_cv_to_tool_file_cmd=func_convert_file_noop
lt_cv_truncate_bin='/bin/dd bs=4096 count=1'
pkg_cv_ZMQ_CFLAGS='-I/usr/local/Cellar/zeromq/4.3.3_1/include -I/usr/local/Cellar/libsodium/1.0.18_1/include'
pkg_cv_ZMQ_LIBS='-L/usr/local/Cellar/zeromq/4.3.3_1/lib -lzmq'

## ----------------- ##
## Output variables. ##
## ----------------- ##

ACLOCAL='${SHELL} /Users/donaldh/.dotfiles/emacs/emacs.d.symlink/elpa/zmq-20200912.1126/src/missing aclocal-1.16'
AMDEPBACKSLASH='\'
AMDEP_FALSE='#'
AMDEP_TRUE=''
AMTAR='$${TAR-tar}'
AM_BACKSLASH='\'
AM_DEFAULT_V='$(AM_DEFAULT_VERBOSITY)'
AM_DEFAULT_VERBOSITY='1'
AM_V='$(V)'
AR='ar'
AS='as'
AUTOCONF='${SHELL} /Users/donaldh/.dotfiles/emacs/emacs.d.symlink/elpa/zmq-20200912.1126/src/missing autoconf'
AUTOHEADER='${SHELL} /Users/donaldh/.dotfiles/emacs/emacs.d.symlink/elpa/zmq-20200912.1126/src/missing autoheader'
AUTOMAKE='${SHELL} /Users/donaldh/.dotfiles/emacs/emacs.d.symlink/elpa/zmq-20200912.1126/src/missing automake-1.16'
AWK='awk'
CC='gcc'
CCDEPMODE='depmode=gcc3'
CFLAGS='-g -O2'
CPP='gcc -E'
CPPFLAGS=''
CYGPATH_W='echo'
DEFS='-DPACKAGE_NAME=\"emacs-zmq\" -DPACKAGE_TARNAME=\"emacs-zmq\" -DPACKAGE_VERSION=\"0.10.9\" -DPACKAGE_STRING=\"emacs-zmq\ 0.10.9\" -DPACKAGE_BUGREPORT=\"nathanielnicandro@gmail.com\" -DPACKAGE_URL=\"\" -DPACKAGE=\"emacs-zmq\" -DVERSION=\"0.10.9\" -DSTDC_HEADERS=1 -DHAVE_SYS_TYPES_H=1 -DHAVE_SYS_STAT_H=1 -DHAVE_STDLIB_H=1 -DHAVE_STRING_H=1 -DHAVE_MEMORY_H=1 -DHAVE_STRINGS_H=1 -DHAVE_INTTYPES_H=1 -DHAVE_STDINT_H=1 -DHAVE_UNISTD_H=1 -DHAVE_DLFCN_H=1 -DLT_OBJDIR=\".libs/\"'
DEPDIR='.deps'
DLLTOOL='false'
DSYMUTIL='dsymutil'
DUMPBIN=''
ECHO_C='\c'
ECHO_N=''
ECHO_T=''
EGREP='/usr/bin/grep -E'
EXEEXT=''
FGREP='/usr/bin/grep -F'
GREP='/usr/bin/grep'
INSTALL_DATA='${INSTALL} -m 644'
INSTALL_PROGRAM='${INSTALL}'
INSTALL_SCRIPT='${INSTALL}'
INSTALL_STRIP_PROGRAM='$(install_sh) -c -s'
LD='/Applications/Xcode.app/Contents/Developer/Toolchains/XcodeDefault.xctoolchain/usr/bin/ld'
LDFLAGS=''
LIBOBJS=''
LIBS=''
LIBTOOL='$(SHELL) $(top_builddir)/libtool'
LIPO='lipo'
LN_S='ln -s'
LTLIBOBJS=''
LT_SYS_LIBRARY_PATH=''
MAKEINFO='${SHELL} /Users/donaldh/.dotfiles/emacs/emacs.d.symlink/elpa/zmq-20200912.1126/src/missing makeinfo'
MANIFEST_TOOL=':'
MAYBE_LIBZMQ='libzmq'
MKDIR_P='./install-sh -c -d'
NM='/usr/bin/nm -B'
NMEDIT='nmedit'
OBJDUMP='objdump'
OBJEXT='o'
OTOOL64=':'
OTOOL='otool'
PACKAGE='emacs-zmq'
PACKAGE_BUGREPORT='nathanielnicandro@gmail.com'
PACKAGE_NAME='emacs-zmq'
PACKAGE_STRING='emacs-zmq 0.10.9'
PACKAGE_TARNAME='emacs-zmq'
PACKAGE_URL=''
PACKAGE_VERSION='0.10.9'
PATH_SEPARATOR=':'
PKG_CONFIG='/usr/local/bin/pkg-config'
PKG_CONFIG_LIBDIR=''
PKG_CONFIG_PATH=''
RANLIB='ranlib'
SED='/usr/local/bin/gsed'
SET_MAKE=''
SHELL='/bin/sh'
STRIP='strip'
VERSION='0.10.9'
WINDOWS_FALSE=''
WINDOWS_TRUE='#'
ZMQ_BUILD_LOCALLY_FALSE='#'
ZMQ_BUILD_LOCALLY_TRUE=''
ZMQ_CFLAGS='-I/usr/local/Cellar/zeromq/4.3.3_1/include -I/usr/local/Cellar/libsodium/1.0.18_1/include'
ZMQ_LIBS='-L/usr/local/Cellar/zeromq/4.3.3_1/lib -lzmq'
ac_ct_AR='ar'
ac_ct_CC='gcc'
ac_ct_DUMPBIN=''
am__EXEEXT_FALSE=''
am__EXEEXT_TRUE='#'
am__fastdepCC_FALSE='#'
am__fastdepCC_TRUE=''
am__include='include'
am__isrc=''
am__leading_dot='.'
am__nodep='_no'
am__quote=''
am__tar='$${TAR-tar} chof - "$$tardir"'
am__untar='$${TAR-tar} xf -'
bindir='${exec_prefix}/bin'
build='x86_64-apple-darwin19.6.0'
build_alias=''
build_cpu='x86_64'
build_os='darwin19.6.0'
build_vendor='apple'
datadir='${datarootdir}'
datarootdir='${prefix}/share'
docdir='${datarootdir}/doc/${PACKAGE_TARNAME}'
dvidir='${docdir}'
exec_prefix='${prefix}'
host='x86_64-apple-darwin19.6.0'
host_alias=''
host_cpu='x86_64'
host_os='darwin19.6.0'
host_vendor='apple'
htmldir='${docdir}'
includedir='${prefix}/include'
infodir='${datarootdir}/info'
install_sh='${SHELL} /Users/donaldh/.dotfiles/emacs/emacs.d.symlink/elpa/zmq-20200912.1126/src/install-sh'
libdir='${exec_prefix}/lib'
libexecdir='${exec_prefix}/libexec'
localedir='${datarootdir}/locale'
localstatedir='${prefix}/var'
mandir='${datarootdir}/man'
mkdir_p='$(MKDIR_P)'
oldincludedir='/usr/include'
pdfdir='${docdir}'
prefix='/Users/donaldh/.dotfiles/emacs/emacs.d.symlink/elpa/zmq-20200912.1126'
program_transform_name='s,x,x,'
psdir='${docdir}'
sbindir='${exec_prefix}/sbin'
sharedstatedir='${prefix}/com'
subdirs=' libzmq'
sysconfdir='${prefix}/etc'
target_alias=''

## ----------- ##
## confdefs.h. ##
## ----------- ##

/* confdefs.h */
#define PACKAGE_NAME "emacs-zmq"
#define PACKAGE_TARNAME "emacs-zmq"
#define PACKAGE_VERSION "0.10.9"
#define PACKAGE_STRING "emacs-zmq 0.10.9"
#define PACKAGE_BUGREPORT "nathanielnicandro@gmail.com"
#define PACKAGE_URL ""
#define PACKAGE "emacs-zmq"
#define VERSION "0.10.9"
#define STDC_HEADERS 1
#define HAVE_SYS_TYPES_H 1
#define HAVE_SYS_STAT_H 1
#define HAVE_STDLIB_H 1
#define HAVE_STRING_H 1
#define HAVE_MEMORY_H 1
#define HAVE_STRINGS_H 1
#define HAVE_INTTYPES_H 1
#define HAVE_STDINT_H 1
#define HAVE_UNISTD_H 1
#define HAVE_DLFCN_H 1
#define LT_OBJDIR ".libs/"

configure: exit 0
